/!\ FAILSAFE /!\  Wed Jan 01 12:53:08 +0530 2014
  Status: 500 Internal Server Error
  no such file to load -- sqlite3
    /usr/local/rvm/rubies/ree-1.8.7-2012.02/lib/ruby/site_ruby/1.8/rubygems/custom_require.rb:29:in `gem_original_require'
    /usr/local/rvm/rubies/ree-1.8.7-2012.02/lib/ruby/site_ruby/1.8/rubygems/custom_require.rb:29:in `require'
    /usr/local/rvm/gems/ree-1.8.7-2012.02/gems/activesupport-2.3.8/lib/active_support/dependencies.rb:156:in `require'
    /usr/local/rvm/gems/ree-1.8.7-2012.02/gems/activesupport-2.3.8/lib/active_support/dependencies.rb:521:in `new_constants_in'
    /usr/local/rvm/gems/ree-1.8.7-2012.02/gems/activesupport-2.3.8/lib/active_support/dependencies.rb:156:in `require'
    /usr/local/rvm/gems/ree-1.8.7-2012.02/gems/activesupport-2.3.8/lib/active_support/core_ext/kernel/requires.rb:7:in `require_library_or_gem'
    /usr/local/rvm/gems/ree-1.8.7-2012.02/gems/activesupport-2.3.8/lib/active_support/core_ext/kernel/reporting.rb:11:in `silence_warnings'
    /usr/local/rvm/gems/ree-1.8.7-2012.02/gems/activesupport-2.3.8/lib/active_support/core_ext/kernel/requires.rb:5:in `require_library_or_gem'
    /usr/local/rvm/gems/ree-1.8.7-2012.02/gems/activerecord-2.3.8/lib/active_record/connection_adapters/sqlite3_adapter.rb:10:in `sqlite3_connection'
    /usr/local/rvm/gems/ree-1.8.7-2012.02/gems/activerecord-2.3.8/lib/active_record/connection_adapters/abstract/connection_pool.rb:223:in `send'
    /usr/local/rvm/gems/ree-1.8.7-2012.02/gems/activerecord-2.3.8/lib/active_record/connection_adapters/abstract/connection_pool.rb:223:in `new_connection'
    /usr/local/rvm/gems/ree-1.8.7-2012.02/gems/activerecord-2.3.8/lib/active_record/connection_adapters/abstract/connection_pool.rb:245:in `checkout_new_connection'
    /usr/local/rvm/gems/ree-1.8.7-2012.02/gems/activerecord-2.3.8/lib/active_record/connection_adapters/abstract/connection_pool.rb:188:in `checkout'
    /usr/local/rvm/gems/ree-1.8.7-2012.02/gems/activerecord-2.3.8/lib/active_record/connection_adapters/abstract/connection_pool.rb:184:in `loop'
    /usr/local/rvm/gems/ree-1.8.7-2012.02/gems/activerecord-2.3.8/lib/active_record/connection_adapters/abstract/connection_pool.rb:184:in `checkout'
    /usr/local/rvm/rubies/ree-1.8.7-2012.02/lib/ruby/1.8/monitor.rb:242:in `synchronize'
    /usr/local/rvm/gems/ree-1.8.7-2012.02/gems/activerecord-2.3.8/lib/active_record/connection_adapters/abstract/connection_pool.rb:183:in `checkout'
    /usr/local/rvm/gems/ree-1.8.7-2012.02/gems/activerecord-2.3.8/lib/active_record/connection_adapters/abstract/connection_pool.rb:98:in `connection'
    /usr/local/rvm/gems/ree-1.8.7-2012.02/gems/activerecord-2.3.8/lib/active_record/connection_adapters/abstract/connection_pool.rb:326:in `retrieve_connection'
    /usr/local/rvm/gems/ree-1.8.7-2012.02/gems/activerecord-2.3.8/lib/active_record/connection_adapters/abstract/connection_specification.rb:123:in `retrieve_connection'
    /usr/local/rvm/gems/ree-1.8.7-2012.02/gems/activerecord-2.3.8/lib/active_record/connection_adapters/abstract/connection_specification.rb:115:in `connection'
    /usr/local/rvm/gems/ree-1.8.7-2012.02/gems/activerecord-2.3.8/lib/active_record/query_cache.rb:9:in `cache'
    /usr/local/rvm/gems/ree-1.8.7-2012.02/gems/activerecord-2.3.8/lib/active_record/query_cache.rb:28:in `call'
    /usr/local/rvm/gems/ree-1.8.7-2012.02/gems/activerecord-2.3.8/lib/active_record/connection_adapters/abstract/connection_pool.rb:361:in `call'
    /usr/local/rvm/gems/ree-1.8.7-2012.02/gems/actionpack-2.3.8/lib/action_controller/string_coercion.rb:25:in `call'
    /usr/local/rvm/gems/ree-1.8.7-2012.02/gems/rack-1.1.6/lib/rack/head.rb:9:in `call'
    /usr/local/rvm/gems/ree-1.8.7-2012.02/gems/rack-1.1.6/lib/rack/methodoverride.rb:24:in `call'
    /usr/local/rvm/gems/ree-1.8.7-2012.02/gems/actionpack-2.3.8/lib/action_controller/params_parser.rb:15:in `call'
    /usr/local/rvm/gems/ree-1.8.7-2012.02/gems/actionpack-2.3.8/lib/action_controller/session/cookie_store.rb:99:in `call'
    /usr/local/rvm/gems/ree-1.8.7-2012.02/gems/actionpack-2.3.8/lib/action_controller/failsafe.rb:26:in `call'
    /usr/local/rvm/gems/ree-1.8.7-2012.02/gems/rack-1.1.6/lib/rack/lock.rb:11:in `call'
    /usr/local/rvm/gems/ree-1.8.7-2012.02/gems/rack-1.1.6/lib/rack/lock.rb:11:in `synchronize'
    /usr/local/rvm/gems/ree-1.8.7-2012.02/gems/rack-1.1.6/lib/rack/lock.rb:11:in `call'
    /usr/local/rvm/gems/ree-1.8.7-2012.02/gems/actionpack-2.3.8/lib/action_controller/dispatcher.rb:114:in `call'
    /usr/local/rvm/gems/ree-1.8.7-2012.02/gems/actionpack-2.3.8/lib/action_controller/reloader.rb:34:in `run'
    /usr/local/rvm/gems/ree-1.8.7-2012.02/gems/actionpack-2.3.8/lib/action_controller/dispatcher.rb:108:in `call'
    /usr/local/rvm/gems/ree-1.8.7-2012.02/gems/rails-2.3.8/lib/rails/rack/static.rb:31:in `call'
    /usr/local/rvm/gems/ree-1.8.7-2012.02/gems/rack-1.1.6/lib/rack/urlmap.rb:47:in `call'
    /usr/local/rvm/gems/ree-1.8.7-2012.02/gems/rack-1.1.6/lib/rack/urlmap.rb:41:in `each'
    /usr/local/rvm/gems/ree-1.8.7-2012.02/gems/rack-1.1.6/lib/rack/urlmap.rb:41:in `call'
    /usr/local/rvm/gems/ree-1.8.7-2012.02/gems/rails-2.3.8/lib/rails/rack/log_tailer.rb:17:in `call'
    /usr/local/rvm/gems/ree-1.8.7-2012.02/gems/rack-1.1.6/lib/rack/content_length.rb:13:in `call'
    /usr/local/rvm/gems/ree-1.8.7-2012.02/gems/rack-1.1.6/lib/rack/handler/webrick.rb:48:in `service'
    /usr/local/rvm/rubies/ree-1.8.7-2012.02/lib/ruby/1.8/webrick/httpserver.rb:104:in `service'
    /usr/local/rvm/rubies/ree-1.8.7-2012.02/lib/ruby/1.8/webrick/httpserver.rb:65:in `run'
    /usr/local/rvm/rubies/ree-1.8.7-2012.02/lib/ruby/1.8/webrick/server.rb:173:in `start_thread'
    /usr/local/rvm/rubies/ree-1.8.7-2012.02/lib/ruby/1.8/webrick/server.rb:162:in `start'
    /usr/local/rvm/rubies/ree-1.8.7-2012.02/lib/ruby/1.8/webrick/server.rb:162
  [4;36;1mSQL (0.4ms)[0m   [0;1m SELECT name
 FROM sqlite_master
 WHERE type = 'table' AND NOT name = 'sqlite_sequence'
[0m
  [4;35;1mSQL (0.1ms)[0m   [0mselect sqlite_version(*)[0m
  [4;36;1mSQL (181.8ms)[0m   [0;1mCREATE TABLE "schema_migrations" ("version" varchar(255) NOT NULL) [0m
  [4;35;1mSQL (0.1ms)[0m   [0mPRAGMA index_list("schema_migrations")[0m
  [4;36;1mSQL (167.1ms)[0m   [0;1mCREATE UNIQUE INDEX "unique_schema_migrations" ON "schema_migrations" ("version")[0m
  [4;35;1mSQL (0.3ms)[0m   [0m SELECT name
 FROM sqlite_master
 WHERE type = 'table' AND NOT name = 'sqlite_sequence'
[0m
  [4;36;1mSQL (0.2ms)[0m   [0;1m SELECT name
 FROM sqlite_master
 WHERE type = 'table' AND NOT name = 'sqlite_sequence'
[0m
  [4;35;1mSQL (0.1ms)[0m   [0mSELECT version FROM schema_migrations[0m
  [4;36;1mSQL (0.2ms)[0m   [0;1m SELECT name
 FROM sqlite_master
 WHERE type = 'table' AND NOT name = 'sqlite_sequence'
[0m


Processing Rails::InfoController#properties (for 127.0.0.1 at 2014-01-01 13:09:09) [GET]
  [4;36;1mSQL (0.5ms)[0m   [0;1m SELECT name
 FROM sqlite_master
 WHERE type = 'table' AND NOT name = 'sqlite_sequence'
[0m
  [4;35;1mSQL (0.1ms)[0m   [0mSELECT version FROM schema_migrations[0m
Completed in 83ms (View: 7, DB: 1) | 200 OK [http://localhost/rails/info/properties]


Processing Rails::InfoController#properties (for 127.0.0.1 at 2014-01-01 15:24:14) [GET]
  [4;36;1mSQL (0.5ms)[0m   [0;1m SELECT name
 FROM sqlite_master
 WHERE type = 'table' AND NOT name = 'sqlite_sequence'
[0m
  [4;35;1mSQL (0.1ms)[0m   [0mSELECT version FROM schema_migrations[0m
Completed in 14ms (View: 2, DB: 1) | 200 OK [http://localhost/rails/info/properties]
  [4;36;1mSQL (0.4ms)[0m   [0;1m SELECT name
 FROM sqlite_master
 WHERE type = 'table' AND NOT name = 'sqlite_sequence'
[0m
  [4;35;1mSQL (0.1ms)[0m   [0mSELECT version FROM schema_migrations[0m
Migrating to CreateUsers (20140101100923)
  [4;36;1mSQL (0.1ms)[0m   [0;1mselect sqlite_version(*)[0m
  [4;35;1mSQL (0.5ms)[0m   [0mCREATE TABLE "users" ("id" INTEGER PRIMARY KEY AUTOINCREMENT NOT NULL, "name" varchar(255), "email" varchar(255), "created_at" datetime, "updated_at" datetime) [0m
  [4;36;1mSQL (0.1ms)[0m   [0;1mINSERT INTO schema_migrations (version) VALUES ('20140101100923')[0m
  [4;35;1mSQL (0.2ms)[0m   [0m SELECT name
 FROM sqlite_master
 WHERE type = 'table' AND NOT name = 'sqlite_sequence'
[0m
  [4;36;1mSQL (0.1ms)[0m   [0;1mSELECT version FROM schema_migrations[0m
  [4;35;1mSQL (0.1ms)[0m   [0m SELECT name
 FROM sqlite_master
 WHERE type = 'table' AND NOT name = 'sqlite_sequence'
[0m
  [4;36;1mSQL (0.0ms)[0m   [0;1mPRAGMA index_list("users")[0m


Processing UsersController#index (for 127.0.0.1 at 2014-01-01 15:44:11) [GET]
  [4;36;1mUser Load (0.4ms)[0m   [0;1mSELECT * FROM "users" [0m
Rendering template within layouts/users
Rendering users/index
Completed in 21ms (View: 16, DB: 0) | 200 OK [http://localhost/users]


Processing UsersController#new (for 127.0.0.1 at 2014-01-01 15:44:13) [GET]
Rendering template within layouts/users
Rendering users/new
Completed in 14ms (View: 10, DB: 0) | 200 OK [http://localhost/users/new]


Processing UsersController#create (for 127.0.0.1 at 2014-01-01 15:44:27) [POST]
  Parameters: {"user"=>{"email"=>"ramprakash.psgtech@gmail.com", "name"=>"RamprakashJ"}, "authenticity_token"=>"8Px4/A1fugAO5fPG99AL4wdAfwSqgfRvy09dfvWahDw=", "commit"=>"Create"}
  [4;35;1mUser Create (0.0ms)[0m   [0mSQLite3::ReadOnlyException: attempt to write a readonly database: INSERT INTO "users" ("email", "created_at", "name", "updated_at") VALUES('ramprakash.psgtech@gmail.com', '2014-01-01 10:14:27', 'RamprakashJ', '2014-01-01 10:14:27')[0m

ActiveRecord::StatementInvalid (SQLite3::ReadOnlyException: attempt to write a readonly database: INSERT INTO "users" ("email", "created_at", "name", "updated_at") VALUES('ramprakash.psgtech@gmail.com', '2014-01-01 10:14:27', 'RamprakashJ', '2014-01-01 10:14:27')):
  app/controllers/users_controller.rb:46:in `create'
  app/controllers/users_controller.rb:45:in `create'
  /usr/local/rvm/rubies/ree-1.8.7-2012.02/lib/ruby/1.8/webrick/httpserver.rb:104:in `service'
  /usr/local/rvm/rubies/ree-1.8.7-2012.02/lib/ruby/1.8/webrick/httpserver.rb:65:in `run'
  /usr/local/rvm/rubies/ree-1.8.7-2012.02/lib/ruby/1.8/webrick/server.rb:173:in `start_thread'
  /usr/local/rvm/rubies/ree-1.8.7-2012.02/lib/ruby/1.8/webrick/server.rb:162:in `start'
  /usr/local/rvm/rubies/ree-1.8.7-2012.02/lib/ruby/1.8/webrick/server.rb:162

Rendered rescues/_trace (53.0ms)
Rendered rescues/_request_and_response (1.4ms)
Rendering rescues/layout (internal_server_error)


Processing UsersController#index (for 127.0.0.1 at 2014-01-01 15:53:26) [GET]
  [4;36;1mUser Load (0.5ms)[0m   [0;1mSELECT * FROM "users" [0m
Rendering template within layouts/users
Rendering users/index
Completed in 16ms (View: 11, DB: 0) | 200 OK [http://localhost/users]


Processing UsersController#new (for 127.0.0.1 at 2014-01-01 15:53:27) [GET]
Rendering template within layouts/users
Rendering users/new
Completed in 15ms (View: 10, DB: 0) | 200 OK [http://localhost/users/new]


Processing UsersController#create (for 127.0.0.1 at 2014-01-01 15:53:31) [POST]
  Parameters: {"user"=>{"email"=>"ramprakash.psgtech@gmail.com", "name"=>"RamprakashJ"}, "authenticity_token"=>"8Px4/A1fugAO5fPG99AL4wdAfwSqgfRvy09dfvWahDw=", "commit"=>"Create"}
  [4;35;1mUser Create (0.0ms)[0m   [0mSQLite3::ReadOnlyException: attempt to write a readonly database: INSERT INTO "users" ("email", "created_at", "updated_at", "name") VALUES('ramprakash.psgtech@gmail.com', '2014-01-01 10:23:31', '2014-01-01 10:23:31', 'RamprakashJ')[0m

ActiveRecord::StatementInvalid (SQLite3::ReadOnlyException: attempt to write a readonly database: INSERT INTO "users" ("email", "created_at", "updated_at", "name") VALUES('ramprakash.psgtech@gmail.com', '2014-01-01 10:23:31', '2014-01-01 10:23:31', 'RamprakashJ')):
  app/controllers/users_controller.rb:46:in `create'
  app/controllers/users_controller.rb:45:in `create'
  /usr/local/rvm/rubies/ree-1.8.7-2012.02/lib/ruby/1.8/webrick/httpserver.rb:104:in `service'
  /usr/local/rvm/rubies/ree-1.8.7-2012.02/lib/ruby/1.8/webrick/httpserver.rb:65:in `run'
  /usr/local/rvm/rubies/ree-1.8.7-2012.02/lib/ruby/1.8/webrick/server.rb:173:in `start_thread'
  /usr/local/rvm/rubies/ree-1.8.7-2012.02/lib/ruby/1.8/webrick/server.rb:162:in `start'
  /usr/local/rvm/rubies/ree-1.8.7-2012.02/lib/ruby/1.8/webrick/server.rb:162

Rendered rescues/_trace (49.6ms)
Rendered rescues/_request_and_response (1.4ms)
Rendering rescues/layout (internal_server_error)


Processing UsersController#index (for 127.0.0.1 at 2014-01-01 15:54:11) [GET]
  [4;36;1mUser Load (0.4ms)[0m   [0;1mSELECT * FROM "users" [0m
Rendering template within layouts/users
Rendering users/index
Completed in 8ms (View: 1, DB: 0) | 200 OK [http://localhost/users]


Processing UsersController#new (for 127.0.0.1 at 2014-01-01 15:54:13) [GET]
Rendering template within layouts/users
Rendering users/new
Completed in 10ms (View: 6, DB: 0) | 200 OK [http://localhost/users/new]


Processing UsersController#create (for 127.0.0.1 at 2014-01-01 15:54:18) [POST]
  Parameters: {"user"=>{"email"=>"ramprakash.psgtech@gmail.com", "name"=>"RamprakashJ"}, "authenticity_token"=>"8Px4/A1fugAO5fPG99AL4wdAfwSqgfRvy09dfvWahDw=", "commit"=>"Create"}
  [4;35;1mUser Create (0.0ms)[0m   [0mSQLite3::ReadOnlyException: attempt to write a readonly database: INSERT INTO "users" ("email", "created_at", "updated_at", "name") VALUES('ramprakash.psgtech@gmail.com', '2014-01-01 10:24:18', '2014-01-01 10:24:18', 'RamprakashJ')[0m

ActiveRecord::StatementInvalid (SQLite3::ReadOnlyException: attempt to write a readonly database: INSERT INTO "users" ("email", "created_at", "updated_at", "name") VALUES('ramprakash.psgtech@gmail.com', '2014-01-01 10:24:18', '2014-01-01 10:24:18', 'RamprakashJ')):
  app/controllers/users_controller.rb:46:in `create'
  app/controllers/users_controller.rb:45:in `create'
  /usr/local/rvm/rubies/ree-1.8.7-2012.02/lib/ruby/1.8/webrick/httpserver.rb:104:in `service'
  /usr/local/rvm/rubies/ree-1.8.7-2012.02/lib/ruby/1.8/webrick/httpserver.rb:65:in `run'
  /usr/local/rvm/rubies/ree-1.8.7-2012.02/lib/ruby/1.8/webrick/server.rb:173:in `start_thread'
  /usr/local/rvm/rubies/ree-1.8.7-2012.02/lib/ruby/1.8/webrick/server.rb:162:in `start'
  /usr/local/rvm/rubies/ree-1.8.7-2012.02/lib/ruby/1.8/webrick/server.rb:162

Rendered rescues/_trace (49.1ms)
Rendered rescues/_request_and_response (0.4ms)
Rendering rescues/layout (internal_server_error)


Processing UsersController#index (for 127.0.0.1 at 2014-01-01 16:11:08) [GET]
  [4;36;1mUser Load (0.3ms)[0m   [0;1mSELECT * FROM "users" [0m
Rendering template within layouts/users
Rendering users/index
Completed in 6ms (View: 1, DB: 0) | 200 OK [http://localhost/users]


Processing UsersController#new (for 127.0.0.1 at 2014-01-01 16:11:10) [GET]
Rendering template within layouts/users
Rendering users/new
Completed in 11ms (View: 6, DB: 0) | 200 OK [http://localhost/users/new]


Processing UsersController#create (for 127.0.0.1 at 2014-01-01 16:15:36) [POST]
  Parameters: {"user"=>{"email"=>"ramprakash.psgtech@gmail.com", "name"=>"RamprakashJ"}, "authenticity_token"=>"8Px4/A1fugAO5fPG99AL4wdAfwSqgfRvy09dfvWahDw=", "commit"=>"Create"}
  [4;35;1mUser Create (0.3ms)[0m   [0mINSERT INTO "users" ("email", "created_at", "updated_at", "name") VALUES('ramprakash.psgtech@gmail.com', '2014-01-01 10:45:36', '2014-01-01 10:45:36', 'RamprakashJ')[0m
Redirected to http://localhost:3000/users/1
Completed in 226ms (DB: 0) | 302 Found [http://localhost/users]


Processing UsersController#show (for 127.0.0.1 at 2014-01-01 16:15:37) [GET]
  Parameters: {"id"=>"1"}
  [4;36;1mUser Load (0.2ms)[0m   [0;1mSELECT * FROM "users" WHERE ("users"."id" = 1) [0m
Rendering template within layouts/users
Rendering users/show
Completed in 11ms (View: 6, DB: 0) | 200 OK [http://localhost/users/1]


Processing UsersController#index (for 127.0.0.1 at 2014-01-01 16:15:38) [GET]
  [4;35;1mUser Load (1.1ms)[0m   [0mSELECT * FROM "users" [0m
Rendering template within layouts/users
Rendering users/index
Completed in 27ms (View: 14, DB: 1) | 200 OK [http://localhost/users]


Processing UsersController#new (for 127.0.0.1 at 2014-01-01 16:32:08) [GET]
Rendering template within layouts/users
Rendering users/new
Completed in 20ms (View: 15, DB: 0) | 200 OK [http://localhost/users/new]


Processing UsersController#create (for 127.0.0.1 at 2014-01-01 16:32:26) [POST]
  Parameters: {"authenticity_token"=>"8Px4/A1fugAO5fPG99AL4wdAfwSqgfRvy09dfvWahDw=", "user"=>{"name"=>"Vivek", "email"=>"vivek.ramjee@infibeam.net"}, "commit"=>"Create"}
  [4;36;1mUser Create (0.3ms)[0m   [0;1mINSERT INTO "users" ("name", "updated_at", "created_at", "email") VALUES('Vivek', '2014-01-01 11:02:26', '2014-01-01 11:02:26', 'vivek.ramjee@infibeam.net')[0m
Redirected to http://localhost:3000/users/2
Completed in 237ms (DB: 0) | 302 Found [http://localhost/users]


Processing UsersController#show (for 127.0.0.1 at 2014-01-01 16:32:26) [GET]
  Parameters: {"id"=>"2"}
  [4;35;1mUser Load (0.2ms)[0m   [0mSELECT * FROM "users" WHERE ("users"."id" = 2) [0m
Rendering template within layouts/users
Rendering users/show
Completed in 10ms (View: 5, DB: 0) | 200 OK [http://localhost/users/2]


Processing UsersController#edit (for 127.0.0.1 at 2014-01-01 16:32:29) [GET]
  Parameters: {"id"=>"2"}
  [4;36;1mUser Load (0.2ms)[0m   [0;1mSELECT * FROM "users" WHERE ("users"."id" = 2) [0m
Rendering template within layouts/users
Rendering users/edit
Completed in 15ms (View: 10, DB: 0) | 200 OK [http://localhost/users/2/edit]


Processing UsersController#update (for 127.0.0.1 at 2014-01-01 16:32:37) [PUT]
  Parameters: {"id"=>"2", "authenticity_token"=>"8Px4/A1fugAO5fPG99AL4wdAfwSqgfRvy09dfvWahDw=", "user"=>{"name"=>"Vivek", "email"=>"vivek.ramjee@infibeam.com"}, "commit"=>"Update"}
  [4;35;1mUser Load (0.2ms)[0m   [0mSELECT * FROM "users" WHERE ("users"."id" = 2) [0m
  [4;36;1mUser Update (0.2ms)[0m   [0;1mUPDATE "users" SET "updated_at" = '2014-01-01 11:02:37', "email" = 'vivek.ramjee@infibeam.com' WHERE "id" = 2[0m
Redirected to http://localhost:3000/users/2
Completed in 217ms (DB: 0) | 302 Found [http://localhost/users/2]


Processing UsersController#show (for 127.0.0.1 at 2014-01-01 16:32:37) [GET]
  Parameters: {"id"=>"2"}
  [4;35;1mUser Load (0.2ms)[0m   [0mSELECT * FROM "users" WHERE ("users"."id" = 2) [0m
Rendering template within layouts/users
Rendering users/show
Completed in 8ms (View: 2, DB: 0) | 200 OK [http://localhost/users/2]


Processing UsersController#edit (for 127.0.0.1 at 2014-01-01 16:32:39) [GET]
  Parameters: {"id"=>"2"}
  [4;36;1mUser Load (0.2ms)[0m   [0;1mSELECT * FROM "users" WHERE ("users"."id" = 2) [0m
Rendering template within layouts/users
Rendering users/edit
Completed in 12ms (View: 7, DB: 0) | 200 OK [http://localhost/users/2/edit]


Processing UsersController#update (for 127.0.0.1 at 2014-01-01 16:32:45) [PUT]
  Parameters: {"id"=>"2", "authenticity_token"=>"8Px4/A1fugAO5fPG99AL4wdAfwSqgfRvy09dfvWahDw=", "user"=>{"name"=>"Vivek", "email"=>"vivek.ramjee@infibeam.net"}, "commit"=>"Update"}
  [4;35;1mUser Load (0.2ms)[0m   [0mSELECT * FROM "users" WHERE ("users"."id" = 2) [0m
  [4;36;1mUser Update (0.2ms)[0m   [0;1mUPDATE "users" SET "updated_at" = '2014-01-01 11:02:45', "email" = 'vivek.ramjee@infibeam.net' WHERE "id" = 2[0m
Redirected to http://localhost:3000/users/2
Completed in 217ms (DB: 0) | 302 Found [http://localhost/users/2]


Processing UsersController#show (for 127.0.0.1 at 2014-01-01 16:32:46) [GET]
  Parameters: {"id"=>"2"}
  [4;35;1mUser Load (0.2ms)[0m   [0mSELECT * FROM "users" WHERE ("users"."id" = 2) [0m
Rendering template within layouts/users
Rendering users/show
Completed in 7ms (View: 2, DB: 0) | 200 OK [http://localhost/users/2]


Processing UsersController#edit (for 127.0.0.1 at 2014-01-01 16:32:47) [GET]
  Parameters: {"id"=>"2"}
  [4;36;1mUser Load (0.2ms)[0m   [0;1mSELECT * FROM "users" WHERE ("users"."id" = 2) [0m
Rendering template within layouts/users
Rendering users/edit
Completed in 12ms (View: 7, DB: 0) | 200 OK [http://localhost/users/2/edit]


Processing UsersController#show (for 127.0.0.1 at 2014-01-01 16:32:49) [GET]
  Parameters: {"id"=>"2"}
  [4;35;1mUser Load (0.2ms)[0m   [0mSELECT * FROM "users" WHERE ("users"."id" = 2) [0m
Rendering template within layouts/users
Rendering users/show
Completed in 8ms (View: 2, DB: 0) | 200 OK [http://localhost/users/2]


Processing UsersController#edit (for 127.0.0.1 at 2014-01-01 16:32:52) [GET]
  Parameters: {"id"=>"2"}
  [4;36;1mUser Load (0.2ms)[0m   [0;1mSELECT * FROM "users" WHERE ("users"."id" = 2) [0m
Rendering template within layouts/users
Rendering users/edit
Completed in 12ms (View: 7, DB: 0) | 200 OK [http://localhost/users/2/edit]


Processing UsersController#index (for 127.0.0.1 at 2014-01-01 16:32:53) [GET]
  [4;35;1mUser Load (0.4ms)[0m   [0mSELECT * FROM "users" [0m
Rendering template within layouts/users
Rendering users/index
Completed in 15ms (View: 10, DB: 0) | 200 OK [http://localhost/users]


Processing UsersController#show (for 127.0.0.1 at 2014-01-01 16:33:02) [GET]
  Parameters: {"id"=>"1"}
  [4;36;1mUser Load (0.2ms)[0m   [0;1mSELECT * FROM "users" WHERE ("users"."id" = 1) [0m
Rendering template within layouts/users
Rendering users/show
Completed in 9ms (View: 2, DB: 0) | 200 OK [http://localhost/users/1]


Processing UsersController#index (for 127.0.0.1 at 2014-01-01 16:33:05) [GET]
  [4;35;1mUser Load (0.4ms)[0m   [0mSELECT * FROM "users" [0m
Rendering template within layouts/users
Rendering users/index
Completed in 12ms (View: 7, DB: 0) | 200 OK [http://localhost/users]
  [4;36;1mSQL (0.5ms)[0m   [0;1m SELECT name
 FROM sqlite_master
 WHERE type = 'table' AND NOT name = 'sqlite_sequence'
[0m
  [4;35;1mSQL (0.1ms)[0m   [0mSELECT version FROM schema_migrations[0m
Migrating to CreateUsers (20140101100923)
Migrating to CreateMicroposts (20140101112434)
  [4;36;1mSQL (0.1ms)[0m   [0;1mselect sqlite_version(*)[0m
  [4;35;1mSQL (0.4ms)[0m   [0mCREATE TABLE "microposts" ("id" INTEGER PRIMARY KEY AUTOINCREMENT NOT NULL, "content" varchar(255), "user_id" integer, "created_at" datetime, "updated_at" datetime) [0m
  [4;36;1mSQL (0.1ms)[0m   [0;1mINSERT INTO schema_migrations (version) VALUES ('20140101112434')[0m
  [4;35;1mSQL (0.2ms)[0m   [0m SELECT name
 FROM sqlite_master
 WHERE type = 'table' AND NOT name = 'sqlite_sequence'
[0m
  [4;36;1mSQL (0.1ms)[0m   [0;1mSELECT version FROM schema_migrations[0m
  [4;35;1mSQL (0.1ms)[0m   [0m SELECT name
 FROM sqlite_master
 WHERE type = 'table' AND NOT name = 'sqlite_sequence'
[0m
  [4;36;1mSQL (0.0ms)[0m   [0;1mPRAGMA index_list("microposts")[0m
  [4;35;1mSQL (0.0ms)[0m   [0mPRAGMA index_list("users")[0m


Processing UsersController#index (for 127.0.0.1 at 2014-01-01 17:05:13) [GET]
  [4;36;1mUser Load (0.6ms)[0m   [0;1mSELECT * FROM "users" [0m
Rendering template within layouts/users
Rendering users/index
Completed in 22ms (View: 17, DB: 1) | 200 OK [http://localhost/users]


Processing MicropostsController#index (for 127.0.0.1 at 2014-01-01 17:05:26) [GET]
  [4;35;1mMicropost Load (0.4ms)[0m   [0mSELECT * FROM "microposts" [0m
Rendering template within layouts/microposts
Rendering microposts/index
Completed in 16ms (View: 8, DB: 0) | 200 OK [http://localhost/microposts]


Processing MicropostsController#new (for 127.0.0.1 at 2014-01-01 17:05:28) [GET]
Rendering template within layouts/microposts
Rendering microposts/new
Completed in 14ms (View: 10, DB: 0) | 200 OK [http://localhost/microposts/new]


Processing MicropostsController#create (for 127.0.0.1 at 2014-01-01 17:06:17) [POST]
  Parameters: {"micropost"=>{"content"=>"Lenovo laptop review", "user_id"=>"1"}, "commit"=>"Create", "authenticity_token"=>"8Px4/A1fugAO5fPG99AL4wdAfwSqgfRvy09dfvWahDw="}
  [4;36;1mMicropost Create (0.3ms)[0m   [0;1mINSERT INTO "microposts" ("created_at", "content", "updated_at", "user_id") VALUES('2014-01-01 11:36:17', 'Lenovo laptop review', '2014-01-01 11:36:17', 1)[0m
Redirected to http://localhost:3000/microposts/1
Completed in 228ms (DB: 0) | 302 Found [http://localhost/microposts]


Processing MicropostsController#show (for 127.0.0.1 at 2014-01-01 17:06:17) [GET]
  Parameters: {"id"=>"1"}
  [4;35;1mMicropost Load (0.2ms)[0m   [0mSELECT * FROM "microposts" WHERE ("microposts"."id" = 1) [0m
Rendering template within layouts/microposts
Rendering microposts/show
Completed in 11ms (View: 6, DB: 0) | 200 OK [http://localhost/microposts/1]


Processing MicropostsController#index (for 127.0.0.1 at 2014-01-01 17:12:11) [GET]
  [4;36;1mMicropost Load (0.4ms)[0m   [0;1mSELECT * FROM "microposts" [0m
Rendering template within layouts/microposts
Rendering microposts/index
Completed in 10ms (View: 5, DB: 0) | 200 OK [http://localhost/microposts]
